<?xml version="1.0" encoding="UTF-8"?>
<!-- Generated by org.testng.reporters.JUnitReportReporter -->
<testsuite hostname="DESKTOP-J07IUT7" failures="0" tests="1" name="pageObjects.AccountRegistration" time="0.304" errors="0" timestamp="2025-08-23T20:37:40 IST" skipped="0">
  <testcase classname="pageObjects.AccountRegistration" name="TestRegistartion" time="0.304"/>
</testsuite> <!-- pageObjects.AccountRegistration -->
