<?xml version="1.0" encoding="UTF-8"?>
<!-- Generated by org.testng.reporters.JUnitReportReporter -->
<testsuite hostname="DESKTOP-J07IUT7" failures="0" tests="1" name="testCases.TC_001RegistrationTest" time="1.249" errors="0" timestamp="2025-08-26T12:59:18 IST" skipped="0">
  <testcase classname="testCases.TC_001RegistrationTest" name="TestRegistartion" time="1.249"/>
</testsuite> <!-- testCases.TC_001RegistrationTest -->
